
############################################################
# Distribution Comparison: C-backend vs JAX Methods
# h = 1.0, n_samples = 10000
# z values: [0.1, 0.5, 1.0, 2.0, 5.0, 10.0]
############################################################

============================================================
Sampling for Devroye Method (h=1.0)
============================================================

Sampling for z=0.1...
  C-backend sampling...
  JAX sampling...
  C-backend   - Mean: 0.248731, Std: 0.201259
  JAX (Devroye) - Mean: 0.226604, Std: 0.233974

Sampling for z=0.5...
  C-backend sampling...
  JAX sampling...
  C-backend   - Mean: 0.243970, Std: 0.198967
  JAX (Devroye) - Mean: 0.248721, Std: 0.194556

Sampling for z=1.0...
  C-backend sampling...
  JAX sampling...
  C-backend   - Mean: 0.228969, Std: 0.183422
  JAX (Devroye) - Mean: 0.238786, Std: 0.181893

Sampling for z=2.0...
  C-backend sampling...
  JAX sampling...
  C-backend   - Mean: 0.190474, Std: 0.145996
  JAX (Devroye) - Mean: 0.199543, Std: 0.143249

Sampling for z=5.0...
  C-backend sampling...
  JAX sampling...
  C-backend   - Mean: 0.098589, Std: 0.060480
  JAX (Devroye) - Mean: 0.098374, Std: 0.060524

Sampling for z=10.0...
  C-backend sampling...
  JAX sampling...
  C-backend   - Mean: 0.050088, Std: 0.022247
  JAX (Devroye) - Mean: 0.049744, Std: 0.022491

Global x-range: [-0.1038, 2.1793]

Saved: distribution_comparison_devroye.png

============================================================
Sampling for Saddle Method (h=1.0)
============================================================

Sampling for z=0.1...
  C-backend sampling...
  JAX sampling...
/usr/local/lib/python3.11/dist-packages/jax/_src/numpy/scalar_types.py:50: UserWarning: Explicitly requested dtype float64 requested in asarray is not available, and will be truncated to dtype float32. To enable more dtypes, set the jax_enable_x64 configuration option or the JAX_ENABLE_X64 shell environment variable. See https://github.com/jax-ml/jax#current-gotchas for more.
  return asarray(x, dtype=self.dtype)
  C-backend   - Mean: 0.250839, Std: 0.208613
  JAX (Saddle) - Mean: 0.236508, Std: 0.161474

Sampling for z=0.5...
  C-backend sampling...
  JAX sampling...
  C-backend   - Mean: 0.246142, Std: 0.198406
  JAX (Saddle) - Mean: 0.232604, Std: 0.158495

Sampling for z=1.0...
  C-backend sampling...
  JAX sampling...
  C-backend   - Mean: 0.230485, Std: 0.182741
  JAX (Saddle) - Mean: 0.221518, Std: 0.151341

Sampling for z=2.0...
  C-backend sampling...
  JAX sampling...
  C-backend   - Mean: 0.192904, Std: 0.149139
  JAX (Saddle) - Mean: 0.187384, Std: 0.120536

Sampling for z=5.0...
  C-backend sampling...
  JAX sampling...
  C-backend   - Mean: 0.098432, Std: 0.060549
  JAX (Saddle) - Mean: 0.102260, Std: 0.055770

Sampling for z=10.0...
  C-backend sampling...
  JAX sampling...
  C-backend   - Mean: 0.049927, Std: 0.022120
  JAX (Saddle) - Mean: 0.050134, Std: 0.020369

Global x-range: [-0.1133, 2.6141]

Saved: distribution_comparison_saddle.png

============================================================
Sampling for Normal Method (h=1.0)
============================================================

Sampling for z=0.1...
  C-backend sampling...
  JAX sampling...
  C-backend   - Mean: 0.247753, Std: 0.200305
  JAX (Normal) - Mean: 0.249624, Std: 0.203727

Sampling for z=0.5...
  C-backend sampling...
  JAX sampling...
  C-backend   - Mean: 0.247039, Std: 0.199191
  JAX (Normal) - Mean: 0.240767, Std: 0.199770

Sampling for z=1.0...
  C-backend sampling...
  JAX sampling...
  C-backend   - Mean: 0.232595, Std: 0.185125
  JAX (Normal) - Mean: 0.233206, Std: 0.185390

Sampling for z=2.0...
  C-backend sampling...
  JAX sampling...
  C-backend   - Mean: 0.190201, Std: 0.144771
  JAX (Normal) - Mean: 0.190479, Std: 0.148064

Sampling for z=5.0...
  C-backend sampling...
  JAX sampling...
  C-backend   - Mean: 0.098346, Std: 0.060680
  JAX (Normal) - Mean: 0.098436, Std: 0.060354

Sampling for z=10.0...
  C-backend sampling...
  JAX sampling...
  C-backend   - Mean: 0.050100, Std: 0.022402
  JAX (Normal) - Mean: 0.050562, Std: 0.022367

Global x-range: [-0.6938, 2.0059]

Saved: distribution_comparison_normal.png

############################################################
# All plots saved successfully!
############################################################

